0 info it worked if it ends with ok
1 verbose cli [ '/usr/bin/nodejs', '/usr/bin/npm', 'install', 'censusAPI' ]
2 info using npm@1.2.18
3 info using node@v0.10.15
4 verbose read json /home/michael/cscapstone/package.json
5 verbose read json /home/michael/cscapstone/node_modules/express/package.json
6 verbose read json /home/michael/cscapstone/node_modules/forever/package.json
7 verbose read json /home/michael/cscapstone/node_modules/requirejs/package.json
8 verbose from cache /home/michael/cscapstone/package.json
9 verbose readDependencies using package.json deps
10 verbose cache add [ 'censusAPI', null ]
11 verbose cache add name=undefined spec="censusAPI" args=["censusAPI",null]
12 verbose parsed url { protocol: null,
12 verbose parsed url   slashes: null,
12 verbose parsed url   auth: null,
12 verbose parsed url   host: null,
12 verbose parsed url   port: null,
12 verbose parsed url   hostname: null,
12 verbose parsed url   hash: null,
12 verbose parsed url   search: null,
12 verbose parsed url   query: null,
12 verbose parsed url   pathname: 'censusAPI',
12 verbose parsed url   path: 'censusAPI',
12 verbose parsed url   href: 'censusAPI' }
13 silly lockFile 45bdf6c2-censusAPI censusAPI
14 verbose lock censusAPI /home/michael/.npm/45bdf6c2-censusAPI.lock
15 silly lockFile 45bdf6c2-censusAPI censusAPI
16 silly lockFile 45bdf6c2-censusAPI censusAPI
17 verbose addNamed [ 'censusAPI', '' ]
18 verbose addNamed [ null, '*' ]
19 silly lockFile 29889aa0-censusAPI censusAPI@
20 verbose lock censusAPI@ /home/michael/.npm/29889aa0-censusAPI.lock
21 silly addNameRange { name: 'censusAPI', range: '*', hasData: false }
22 verbose url raw censusAPI
23 verbose url resolving [ 'https://registry.npmjs.org/', './censusAPI' ]
24 verbose url resolved https://registry.npmjs.org/censusAPI
25 info trying registry request attempt 1 at 15:06:05
26 http GET https://registry.npmjs.org/censusAPI
27 http 404 https://registry.npmjs.org/censusAPI
28 silly registry.get cb [ 404,
28 silly registry.get   { date: 'Wed, 12 Mar 2014 22:06:04 GMT',
28 silly registry.get     server: 'CouchDB/1.5.0 (Erlang OTP/R16B)',
28 silly registry.get     'content-type': 'application/json',
28 silly registry.get     via: '1.1 varnish',
28 silly registry.get     'cache-control': 'max-age=0',
28 silly registry.get     'content-length': '52',
28 silly registry.get     'accept-ranges': 'bytes',
28 silly registry.get     age: '0',
28 silly registry.get     'x-served-by': 'cache-v42-ASH, cache-sv63-SJC3',
28 silly registry.get     'x-cache': 'MISS, MISS',
28 silly registry.get     'x-cache-hits': '0, 0',
28 silly registry.get     'x-timer': 'S1394661964.182841063,VS0,VS-613,VE-528,VE158',
28 silly registry.get     'keep-alive': 'timeout=10, max=50',
28 silly registry.get     connection: 'Keep-Alive' } ]
29 silly lockFile 29889aa0-censusAPI censusAPI@
30 silly lockFile 29889aa0-censusAPI censusAPI@
31 error 404 'censusAPI' is not in the npm registry.
31 error 404 You should bug the author to publish it
31 error 404
31 error 404 Note that you can also install from a
31 error 404 tarball, folder, or http url, or git url.
32 error System Linux 3.11.0-12-generic
33 error command "/usr/bin/nodejs" "/usr/bin/npm" "install" "censusAPI"
34 error cwd /home/michael/cscapstone
35 error node -v v0.10.15
36 error npm -v 1.2.18
37 error code E404
38 verbose exit [ 1, true ]
